{"level":"http","message":"POST en /api/users/premium/64e790bd4f4e9825e74c8550 - 19:35:57","timestamp":"2023-08-24T22:35:57.437Z"}
{"level":"http","message":"POST en /api/users/premium/64e790bd4f4e9825e74c8550 - 19:36:06","timestamp":"2023-08-24T22:36:06.979Z"}
{"level":"http","message":"POST en /api/sessions/signup - 19:38:02","timestamp":"2023-08-24T22:38:02.192Z"}
{"level":"http","message":"POST en /api/sessions/login - 19:38:06","timestamp":"2023-08-24T22:38:06.931Z"}
{"level":"http","message":"POST en /api/users/premium/64e790bd4f4e9825e74c8550 - 19:38:22","timestamp":"2023-08-24T22:38:22.689Z"}
{"level":"http","message":"POST en /api/users/premium/64e790bd4f4e9825e74c8550 - 19:39:14","timestamp":"2023-08-24T22:39:14.285Z"}
{"level":"http","message":"POST en /api/users/premium/64e790bd4f4e9825e74c8550 - 19:40:00","timestamp":"2023-08-24T22:40:00.512Z"}
{"level":"http","message":"POST en /api/users/premium/64e790bd4f4e9825e74c8550 - 19:40:20","timestamp":"2023-08-24T22:40:20.913Z"}
{"level":"http","message":"POST en /api/sessions/signup - 19:42:24","timestamp":"2023-08-24T22:42:24.770Z"}
{"level":"http","message":"POST en /api/sessions/login - 19:42:29","timestamp":"2023-08-24T22:42:29.062Z"}
{"level":"http","message":"POST en /api/users - 19:42:59","timestamp":"2023-08-24T22:42:59.903Z"}
{"level":"http","message":"POST en /api/sessions/login - 19:43:04","timestamp":"2023-08-24T22:43:04.062Z"}
{"level":"http","message":"POST en /api/users - 19:43:08","timestamp":"2023-08-24T22:43:08.540Z"}
{"level":"http","message":"POST en /api/users/premium/64e7dcfcf30b903b3d5122f5 - 19:43:14","timestamp":"2023-08-24T22:43:14.803Z"}
{"level":"http","message":"POST en /api/users/premium/64e7dcfcf30b903b3d5122f5 - 19:43:21","timestamp":"2023-08-24T22:43:21.093Z"}
{"level":"http","message":"POST en /api/users/64e7dcfcf30b903b3d5122f5/documents - 19:43:27","timestamp":"2023-08-24T22:43:27.894Z"}
{"level":"http","message":"POST en /api/users/64e7dcfcf30b903b3d5122f5/documents - 19:43:40","timestamp":"2023-08-24T22:43:40.336Z"}
{"level":"http","message":"POST en /api/users/64e7dcfcf30b903b3d5122f5/documents - 19:44:19","timestamp":"2023-08-24T22:44:19.333Z"}
{"level":"http","message":"POST en /api/users/64e7dcfcf30b903b3d5122f5/documents - 19:44:35","timestamp":"2023-08-24T22:44:35.855Z"}
{"level":"http","message":"POST en /api/users/64e7dcfcf30b903b3d5122f5/documents - 19:44:55","timestamp":"2023-08-24T22:44:55.155Z"}
{"level":"http","message":"GET en /api/products - 09:09:47","timestamp":"2023-09-20T12:09:47.670Z"}
{"level":"http","message":"POST en /api/products - 09:10:15","timestamp":"2023-09-20T12:10:15.771Z"}
{"level":"http","message":"POST en /api/sessions/login - 09:10:23","timestamp":"2023-09-20T12:10:23.406Z"}
{"level":"http","message":"POST en /api/sessions/login - 09:10:41","timestamp":"2023-09-20T12:10:41.898Z"}
{"level":"http","message":"POST en /api/products - 09:10:46","timestamp":"2023-09-20T12:10:46.717Z"}
{"level":"http","message":"POST en /api/sessions/login - 09:11:08","timestamp":"2023-09-20T12:11:08.870Z"}
{"level":"http","message":"POST en /api/sessions/login - 09:15:30","timestamp":"2023-09-20T12:15:30.471Z"}
{"level":"http","message":"POST en /api/products - 09:16:53","timestamp":"2023-09-20T12:16:53.008Z"}
{"level":"http","message":"POST en /api/sessions/login - 09:17:29","timestamp":"2023-09-20T12:17:29.119Z"}
{"level":"http","message":"POST en /api/products - 09:17:44","timestamp":"2023-09-20T12:17:44.985Z"}
{"level":"http","message":"POST en /api/sessions/login - 09:20:48","timestamp":"2023-09-20T12:20:48.457Z"}
{"level":"http","message":"POST en /api/products - 09:20:56","timestamp":"2023-09-20T12:20:56.188Z"}
{"level":"http","message":"GET en /api/products - 09:21:48","timestamp":"2023-09-20T12:21:48.012Z"}
{"level":"http","message":"GET en /api/products/%7B%7BID_PROD%7D%7D - 09:21:54","timestamp":"2023-09-20T12:21:54.160Z"}
{"level":"http","message":"GET en /api/users/detailed - 09:22:23","timestamp":"2023-09-20T12:22:23.045Z"}
{"level":"http","message":"GET en /api/products - 09:43:54","timestamp":"2023-09-20T12:43:54.734Z"}
{"level":"http","message":"GET en /api/products/645063166e8a912586709b1e - 09:44:03","timestamp":"2023-09-20T12:44:03.720Z"}
{"level":"http","message":"POST en /api/sessions/login - 09:44:25","timestamp":"2023-09-20T12:44:25.791Z"}
{"level":"http","message":"POST en /api/users - 09:44:46","timestamp":"2023-09-20T12:44:46.093Z"}
{"level":"http","message":"POST en /api/users - 09:45:53","timestamp":"2023-09-20T12:45:53.583Z"}
